[2013-02-02 15:44:51.511518] Output file initiated at: logs/output_2013-02-02 15:44:51.511369.json
[2013-02-02 15:44:51.511697] [1] ['35004']
[2013-02-02 15:44:51.841000] Error with zip code 35004
[2013-02-02 15:44:51.841076] JSON: <Response [400]>
[2013-02-02 15:44:51.841131] Error log: Erro in r
[2013-02-02 15:44:51.841218] [2] ['35005']
[2013-02-02 15:44:52.213140] Error with zip code 35005
[2013-02-02 15:44:52.213162] JSON: <Response [400]>
[2013-02-02 15:44:52.213178] Error log: Erro in r
[2013-02-02 15:44:52.213207] [3] ['35006']
[2013-02-02 15:44:52.434557] Error with zip code 35006
[2013-02-02 15:44:52.434599] JSON: <Response [400]>
[2013-02-02 15:44:52.434631] Error log: Erro in r
[2013-02-02 15:44:52.434686] [4] ['35007']
[2013-02-02 15:44:52.639339] Error with zip code 35007
[2013-02-02 15:44:52.639378] JSON: <Response [400]>
[2013-02-02 15:44:52.639397] Error log: Erro in r
[2013-02-02 15:44:52.639436] [5] ['35010']
[2013-02-02 15:44:52.878838] Error with zip code 35010
[2013-02-02 15:44:52.878878] JSON: <Response [400]>
[2013-02-02 15:44:52.878903] Error log: Erro in r
[2013-02-02 15:44:52.878946] [6] ['35014']
[2013-02-02 15:44:53.079217] Error with zip code 35014
[2013-02-02 15:44:53.079253] JSON: <Response [400]>
[2013-02-02 15:44:53.079279] Error log: Erro in r
[2013-02-02 15:44:53.079323] [7] ['35016']
[2013-02-02 15:44:53.311709] Error with zip code 35016
[2013-02-02 15:44:53.311764] JSON: <Response [400]>
[2013-02-02 15:44:53.311808] Error log: Erro in r
[2013-02-02 15:44:53.311877] [8] ['35019']
[2013-02-02 15:44:53.527169] Error with zip code 35019
[2013-02-02 15:44:53.527212] JSON: <Response [400]>
[2013-02-02 15:44:53.527245] Error log: Erro in r
[2013-02-02 15:44:53.527301] [9] ['35020']
[2013-02-02 15:44:53.750892] Error with zip code 35020
[2013-02-02 15:44:53.750927] JSON: <Response [400]>
[2013-02-02 15:44:53.750952] Error log: Erro in r
[2013-02-02 15:44:53.750997] [10] ['35023']
[2013-02-02 15:44:53.983360] Error with zip code 35023
[2013-02-02 15:44:53.983404] JSON: <Response [400]>
[2013-02-02 15:44:53.983439] Error log: Erro in r
[2013-02-02 15:44:53.983494] [11] ['35031']
[2013-02-02 15:44:54.213665] Error with zip code 35031
[2013-02-02 15:44:54.213725] JSON: <Response [400]>
[2013-02-02 15:44:54.213770] Error log: Erro in r
[2013-02-02 15:44:54.213841] [12] ['35033']
[2013-02-02 15:44:54.418885] Error with zip code 35033
[2013-02-02 15:44:54.418915] JSON: <Response [400]>
[2013-02-02 15:44:54.418931] Error log: Erro in r
[2013-02-02 15:44:54.418961] [13] ['35034']
[2013-02-02 15:44:54.647218] Error with zip code 35034
[2013-02-02 15:44:54.647268] JSON: <Response [400]>
[2013-02-02 15:44:54.647307] Error log: Erro in r
[2013-02-02 15:44:54.647372] [14] ['35035']
[2013-02-02 15:44:54.857295] Error with zip code 35035
[2013-02-02 15:44:54.857365] JSON: <Response [400]>
[2013-02-02 15:44:54.857418] Error log: Erro in r
[2013-02-02 15:44:54.857501] [15] ['35040']
[2013-02-02 15:44:55.065092] Error with zip code 35040
[2013-02-02 15:44:55.065137] JSON: <Response [400]>
[2013-02-02 15:44:55.065170] Error log: Erro in r
[2013-02-02 15:44:55.065225] [16] ['35042']
[2013-02-02 15:44:55.276163] Error with zip code 35042
[2013-02-02 15:44:55.276233] JSON: <Response [400]>
[2013-02-02 15:44:55.276290] Error log: Erro in r
[2013-02-02 15:44:55.276374] [17] ['35043']
[2013-02-02 15:44:55.512948] Error with zip code 35043
[2013-02-02 15:44:55.512983] JSON: <Response [400]>
[2013-02-02 15:44:55.513008] Error log: Erro in r
[2013-02-02 15:44:55.513052] [18] ['35044']
[2013-02-02 15:44:55.724283] Error with zip code 35044
[2013-02-02 15:44:55.724352] JSON: <Response [400]>
[2013-02-02 15:44:55.724410] Error log: Erro in r
[2013-02-02 15:44:55.724498] [19] ['35045']
[2013-02-02 15:44:55.943238] Error with zip code 35045
[2013-02-02 15:44:55.943305] JSON: <Response [400]>
[2013-02-02 15:44:55.943366] Error log: Erro in r
[2013-02-02 15:44:55.943424] [20] ['35049']
[2013-02-02 15:44:56.177706] Error with zip code 35049
[2013-02-02 15:44:56.177752] JSON: <Response [400]>
[2013-02-02 15:44:56.177785] Error log: Erro in r
[2013-02-02 15:44:56.177902] [21] ['35051']
[2013-02-02 15:44:56.415073] Error with zip code 35051
[2013-02-02 15:44:56.415110] JSON: <Response [400]>
[2013-02-02 15:44:56.415136] Error log: Erro in r
[2013-02-02 15:44:56.415182] [22] ['35053']
[2013-02-02 15:44:56.631381] Error with zip code 35053
[2013-02-02 15:44:56.631415] JSON: <Response [400]>
[2013-02-02 15:44:56.631441] Error log: Erro in r
[2013-02-02 15:44:56.631484] [23] ['35054']
[2013-02-02 15:44:56.855944] Error with zip code 35054
[2013-02-02 15:44:56.856000] JSON: <Response [400]>
[2013-02-02 15:44:56.856043] Error log: Erro in r
[2013-02-02 15:44:56.856112] [24] ['35055']
[2013-02-02 15:44:57.072842] Error with zip code 35055
[2013-02-02 15:44:57.072877] JSON: <Response [400]>
[2013-02-02 15:44:57.072936] Error log: Erro in r
[2013-02-02 15:44:57.073007] [25] ['35061']
[2013-02-02 15:44:57.315372] Error with zip code 35061
[2013-02-02 15:44:57.315429] JSON: <Response [400]>
[2013-02-02 15:44:57.315473] Error log: Erro in r
[2013-02-02 15:44:57.315544] [26] ['35062']
[2013-02-02 15:44:57.554932] Error with zip code 35062
[2013-02-02 15:44:57.554967] JSON: <Response [400]>
[2013-02-02 15:44:57.554992] Error log: Erro in r
[2013-02-02 15:44:57.555037] [27] ['35063']
[2013-02-02 15:44:57.777479] Error with zip code 35063
[2013-02-02 15:44:57.777534] JSON: <Response [400]>
[2013-02-02 15:44:57.777577] Error log: Erro in r
[2013-02-02 15:44:57.777623] [28] ['35064']
[2013-02-02 15:44:58.025417] Error with zip code 35064
[2013-02-02 15:44:58.025474] JSON: <Response [400]>
[2013-02-02 15:44:58.025520] Error log: Erro in r
[2013-02-02 15:44:58.025589] [29] ['35068']
[2013-02-02 15:44:58.287069] Error with zip code 35068
[2013-02-02 15:44:58.287125] JSON: <Response [400]>
[2013-02-02 15:44:58.287169] Error log: Erro in r
[2013-02-02 15:44:58.287237] [30] ['35071']
[2013-02-02 15:44:58.521672] Error with zip code 35071
[2013-02-02 15:44:58.521743] JSON: <Response [400]>
[2013-02-02 15:44:58.521800] Error log: Erro in r
[2013-02-02 15:44:58.521887] [31] ['35072']
[2013-02-02 15:44:58.741792] Error with zip code 35072
[2013-02-02 15:44:58.741867] JSON: <Response [400]>
[2013-02-02 15:44:58.741924] Error log: Erro in r
[2013-02-02 15:44:58.742013] [32] ['35073']
[2013-02-02 15:44:58.980967] Error with zip code 35073
[2013-02-02 15:44:58.981028] JSON: <Response [400]>
[2013-02-02 15:44:58.981076] Error log: Erro in r
[2013-02-02 15:44:58.981154] [33] ['35077']
[2013-02-02 15:44:59.199702] Error with zip code 35077
[2013-02-02 15:44:59.199768] JSON: <Response [400]>
[2013-02-02 15:44:59.199821] Error log: Erro in r
[2013-02-02 15:44:59.199897] [34] ['35078']
[2013-02-02 15:44:59.457148] Error with zip code 35078
[2013-02-02 15:44:59.457183] JSON: <Response [400]>
[2013-02-02 15:44:59.457208] Error log: Erro in r
[2013-02-02 15:44:59.457253] [35] ['35079']
[2013-02-02 15:44:59.667880] Error with zip code 35079
[2013-02-02 15:44:59.667923] JSON: <Response [400]>
[2013-02-02 15:44:59.667963] Error log: Erro in r
[2013-02-02 15:44:59.668017] [36] ['35080']
[2013-02-02 15:44:59.904434] Error with zip code 35080
[2013-02-02 15:44:59.904507] JSON: <Response [400]>
[2013-02-02 15:44:59.904565] Error log: Erro in r
[2013-02-02 15:44:59.904655] [37] ['35083']
[2013-02-02 15:45:00.169333] Error with zip code 35083
[2013-02-02 15:45:00.169405] JSON: <Response [400]>
[2013-02-02 15:45:00.169461] Error log: Erro in r
[2013-02-02 15:45:00.169549] [38] ['35085']
[2013-02-02 15:45:00.383627] Error with zip code 35085
[2013-02-02 15:45:00.383729] JSON: <Response [400]>
[2013-02-02 15:45:00.383790] Error log: Erro in r
[2013-02-02 15:45:00.383870] [39] ['35087']
[2013-02-02 15:45:00.676447] Error with zip code 35087
[2013-02-02 15:45:00.676491] JSON: <Response [400]>
[2013-02-02 15:45:00.676522] Error log: Erro in r
[2013-02-02 15:45:00.676578] [40] ['35089']
[2013-02-02 15:45:00.910818] Error with zip code 35089
[2013-02-02 15:45:00.910855] JSON: <Response [400]>
[2013-02-02 15:45:00.910880] Error log: Erro in r
[2013-02-02 15:45:00.910924] [41] ['35091']
