[2013-02-01 14:58:49.601458] Output file initiated at: logs/output_2013-02-01 14:58:49.601306.json
[2013-02-01 14:58:49.601534] [1] ['35004']
[2013-02-01 14:58:50.131304] [2] ['35005']
[2013-02-01 14:58:50.289661] [3] ['35006']
[2013-02-01 14:58:50.456588] [4] ['35007']
[2013-02-01 14:58:50.623515] [5] ['35010']
[2013-02-01 14:58:50.798055] [6] ['35014']
[2013-02-01 14:58:50.959186] Error with zip code 35014
[2013-02-01 14:58:50.959233] JSON: <Response [403]>
[2013-02-01 14:58:50.959266] Error log: No JSON object could be decoded: line 1 column 0 (char 0)
[2013-02-01 14:58:50.959318] [7] ['35016']
[2013-02-01 14:58:51.149937] [8] ['35019']
[2013-02-01 14:58:52.264872] [9] ['35020']
[2013-02-01 14:58:52.435078] [10] ['35023']
[2013-02-01 14:58:52.601797] [11] ['35031']
[2013-02-01 14:58:52.772249] [12] ['35033']
[2013-02-01 14:58:52.947693] [13] ['35034']
[2013-02-01 14:58:53.107106] [14] ['35035']
[2013-02-01 14:58:53.266884] [15] ['35040']
[2013-02-01 14:58:53.429504] [16] ['35042']
[2013-02-01 14:58:53.593982] [17] ['35043']
[2013-02-01 14:58:53.755340] [18] ['35044']
[2013-02-01 14:58:53.900873] Error with zip code 35044
[2013-02-01 14:58:53.900917] JSON: <Response [403]>
[2013-02-01 14:58:53.900950] Error log: No JSON object could be decoded: line 1 column 0 (char 0)
[2013-02-01 14:58:53.901004] [19] ['35045']
[2013-02-01 14:58:54.070764] [20] ['35049']
[2013-02-01 14:58:54.236382] [21] ['35051']
[2013-02-01 14:58:54.405179] [22] ['35053']
[2013-02-01 14:58:54.571624] [23] ['35054']
[2013-02-01 14:58:54.731034] [24] ['35055']
[2013-02-01 14:58:54.870889] Error with zip code 35055
[2013-02-01 14:58:54.870932] JSON: <Response [403]>
[2013-02-01 14:58:54.870965] Error log: No JSON object could be decoded: line 1 column 0 (char 0)
[2013-02-01 14:58:54.871018] [25] ['35061']
[2013-02-01 14:58:55.022545] Error with zip code 35061
[2013-02-01 14:58:55.022580] JSON: <Response [403]>
[2013-02-01 14:58:55.022606] Error log: No JSON object could be decoded: line 1 column 0 (char 0)
[2013-02-01 14:58:55.022650] [26] ['35062']
[2013-02-01 14:58:55.191468] [27] ['35063']
[2013-02-01 14:58:55.355941] [28] ['35064']
[2013-02-01 14:58:55.519426] [29] ['35068']
[2013-02-01 14:58:55.680731] [30] ['35071']
[2013-02-01 14:58:55.836208] [31] ['35072']
[2013-02-01 14:58:55.981253] Error with zip code 35072
[2013-02-01 14:58:55.981296] JSON: <Response [403]>
[2013-02-01 14:58:55.981347] Error log: No JSON object could be decoded: line 1 column 0 (char 0)
[2013-02-01 14:58:55.981442] [32] ['35073']
[2013-02-01 14:58:56.191354] [33] ['35077']
[2013-02-01 14:58:56.378201] [34] ['35078']
[2013-02-01 14:58:56.547982] [35] ['35079']
[2013-02-01 14:58:56.713115] [36] ['35080']
[2013-02-01 14:58:56.881706] [37] ['35083']
[2013-02-01 14:58:57.022933] Error with zip code 35083
[2013-02-01 14:58:57.022977] JSON: <Response [403]>
[2013-02-01 14:58:57.023010] Error log: No JSON object could be decoded: line 1 column 0 (char 0)
[2013-02-01 14:58:57.023065] [38] ['35085']
[2013-02-01 14:58:57.187155] [39] ['35087']
[2013-02-01 14:58:57.347497] [40] ['35089']
[2013-02-01 14:58:57.509208] [41] ['35091']
[2013-02-01 14:58:57.676568] [42] ['35094']
[2013-02-01 14:58:57.838952] [43] ['35096']
[2013-02-01 14:58:57.981480] Error with zip code 35096
[2013-02-01 14:58:57.981537] JSON: <Response [403]>
[2013-02-01 14:58:57.981585] Error log: No JSON object could be decoded: line 1 column 0 (char 0)
[2013-02-01 14:58:57.981669] [44] ['35098']
[2013-02-01 14:58:58.157245] [45] ['35111']
[2013-02-01 14:58:58.323689] [46] ['35114']
[2013-02-01 14:58:58.488810] [47] ['35115']
[2013-02-01 14:58:58.704326] [48] ['35116']
[2013-02-01 14:58:58.875168] [49] ['35117']
[2013-02-01 14:58:59.014327] Error with zip code 35117
[2013-02-01 14:58:59.014372] JSON: <Response [403]>
[2013-02-01 14:58:59.014404] Error log: No JSON object could be decoded: line 1 column 0 (char 0)
[2013-02-01 14:58:59.014480] [50] ['35118']
