[2013-02-09 22:51:28.554824] Output file initiated at: logs/csvoutput_2013-02-09 22:51:28.554664.csv
[2013-02-09 22:51:28.554979] [1] ['35004']
[2013-02-09 22:51:28.962312] [2] ['35005']
[2013-02-09 22:51:29.173110] [3] ['35006']
[2013-02-09 22:51:29.374641] [4] ['35007']
[2013-02-09 22:51:29.741810] [5] ['35010']
[2013-02-09 22:51:29.997226] Error with zip code 35010
[2013-02-09 22:51:29.997272] JSON: <Response [403]>
[2013-02-09 22:51:29.997318] Error log: No JSON object could be decoded: line 1 column 0 (char 0)
[2013-02-09 22:51:29.997419] [6] ['35014']
[2013-02-09 22:51:30.645070] [7] ['35016']
[2013-02-09 22:51:31.456062] [8] ['35019']
[2013-02-09 22:51:32.116525] [9] ['35020']
[2013-02-09 22:51:32.991385] [10] ['35023']
[2013-02-09 22:51:34.111882] [11] ['35031']
[2013-02-09 22:51:34.936567] [12] ['35033']
[2013-02-09 22:51:35.764642] [13] ['35034']
[2013-02-09 22:51:36.776707] [14] ['35035']
[2013-02-09 22:51:37.599581] [15] ['35040']
[2013-02-09 22:51:38.214617] [16] ['35042']
[2013-02-09 22:51:38.828619] [17] ['35043']
[2013-02-09 22:51:39.653637] [18] ['35044']
[2013-02-09 22:51:40.256392] [19] ['35045']
[2013-02-09 22:51:41.087417] [20] ['35049']
[2013-02-09 22:51:41.087492] A Haunted House
[2013-02-09 22:51:41.087544] Broken City
[2013-02-09 22:51:41.087602] Bullet to the Head
[2013-02-09 22:51:41.087651] Django Unchained
[2013-02-09 22:51:41.087702] Hansel & Gretel: Witch Hunters
[2013-02-09 22:51:41.087754] Hansel & Gretel: Witch Hunters 3D
[2013-02-09 22:51:41.087796] Identity Thief
[2013-02-09 22:51:41.087822] Mama
[2013-02-09 22:51:41.087848] Parental Guidance
[2013-02-09 22:51:41.087874] Parker
[2013-02-09 22:51:41.087899] Side Effects
[2013-02-09 22:51:41.087924] Silver Linings Playbook
[2013-02-09 22:51:41.087950] The Twilight Saga: Breaking Dawn Part 2
[2013-02-09 22:51:41.087975] Warm Bodies
[2013-02-09 22:51:41.088000] Wreck-It Ralph
[2013-02-09 22:51:41.088026] Zero Dark Thirty
[2013-02-09 22:51:41.088059] A Haunted House
[2013-02-09 22:51:41.088084] Argo
[2013-02-09 22:51:41.088109] Bullet to the Head
[2013-02-09 22:51:41.088135] Hansel & Gretel: Witch Hunters
[2013-02-09 22:51:41.088161] Hansel & Gretel: Witch Hunters 3D
[2013-02-09 22:51:41.088186] Identity Thief
[2013-02-09 22:51:41.088211] Mama
[2013-02-09 22:51:41.088237] Parental Guidance
[2013-02-09 22:51:41.088284] Parker
[2013-02-09 22:51:41.088329] Side Effects
[2013-02-09 22:51:41.088394] Silver Linings Playbook
[2013-02-09 22:51:41.088448] Warm Bodies
[2013-02-09 22:51:41.088495] Zero Dark Thirty
[2013-02-09 22:51:41.088540] Done!... Dumping to file now
