[2013-02-09 22:49:29.876586] Output file initiated at: logs/output_2013-02-09 22:49:29.876424.csv
[2013-02-09 22:49:29.877076] [1] ['35004']
[2013-02-09 22:49:30.573122] [2] ['35005']
[2013-02-09 22:49:30.842326] [3] ['35006']
[2013-02-09 22:49:31.095925] Error with zip code 35006
[2013-02-09 22:49:31.095973] JSON: <Response [403]>
[2013-02-09 22:49:31.096005] Error log: No JSON object could be decoded: line 1 column 0 (char 0)
[2013-02-09 22:49:31.096058] [4] ['35007']
[2013-02-09 22:49:31.426171] [5] ['35010']
[2013-02-09 22:49:31.426226] A Haunted House
[2013-02-09 22:49:31.426272] Argo
[2013-02-09 22:49:31.426297] Bullet to the Head
[2013-02-09 22:49:31.426313] Hansel & Gretel: Witch Hunters
[2013-02-09 22:49:31.426330] Hansel & Gretel: Witch Hunters 3D
[2013-02-09 22:49:31.426346] Identity Thief
[2013-02-09 22:49:31.426362] Mama
[2013-02-09 22:49:31.426378] Parental Guidance
[2013-02-09 22:49:31.426394] Parker
[2013-02-09 22:49:31.426410] Side Effects
[2013-02-09 22:49:31.426425] Silver Linings Playbook
[2013-02-09 22:49:31.426441] Warm Bodies
[2013-02-09 22:49:31.426457] Zero Dark Thirty
[2013-02-09 22:49:31.426473] Done!... Dumping to file now
